# JRE version: OpenJDK Runtime Environment (11.0.13) (build 11.0.13+0-b1751.21-8125866)
# Java VM: OpenJDK 64-Bit Server VM (11.0.13+0-b1751.21-8125866, mixed mode, tiered, compressed oops, g1 gc, windows-amd64)
Heap:
 garbage-first heap   total 421888K, used 155687K [0x0000000080000000, 0x0000000100000000)
  region size 1024K, 14 young (14336K), 12 survivors (12288K)
 Metaspace       used 123640K, capacity 127321K, committed 127696K, reserved 1161216K
  class space    used 15508K, capacity 16915K, committed 17024K, reserved 1048576K
GC Heap History (20 events):
Event: 45.576 GC heap before
{Heap before GC invocations=36 (full 0):
 garbage-first heap   total 417792K, used 207727K [0x0000000080000000, 0x0000000100000000)
  region size 1024K, 20 young (20480K), 2 survivors (2048K)
 Metaspace       used 112784K, capacity 115739K, committed 115920K, reserved 1148928K
  class space    used 14545K, capacity 15669K, committed 15744K, reserved 1048576K
}
Event: 45.610 GC heap after
{Heap after GC invocations=37 (full 0):
 garbage-first heap   total 417792K, used 163319K [0x0000000080000000, 0x0000000100000000)
  region size 1024K, 3 young (3072K), 3 survivors (3072K)
 Metaspace       used 112784K, capacity 115739K, committed 115920K, reserved 1148928K
  class space    used 14545K, capacity 15669K, committed 15744K, reserved 1048576K
}
Event: 47.768 GC heap before
{Heap before GC invocations=37 (full 0):
 garbage-first heap   total 417792K, used 292343K [0x0000000080000000, 0x0000000100000000)
  region size 1024K, 126 young (129024K), 3 survivors (3072K)
 Metaspace       used 118349K, capacity 121698K, committed 121808K, reserved 1155072K
  class space    used 15115K, capacity 16416K, committed 16512K, reserved 1048576K
}
Event: 47.780 GC heap after
{Heap after GC invocations=38 (full 0):
 garbage-first heap   total 417792K, used 163637K [0x0000000080000000, 0x0000000100000000)
  region size 1024K, 3 young (3072K), 3 survivors (3072K)
 Metaspace       used 118349K, capacity 121698K, committed 121808K, reserved 1155072K
  class space    used 15115K, capacity 16416K, committed 16512K, reserved 1048576K
}
Event: 48.201 GC heap before
{Heap before GC invocations=38 (full 0):
 garbage-first heap   total 417792K, used 190261K [0x0000000080000000, 0x0000000100000000)
  region size 1024K, 17 young (17408K), 3 survivors (3072K)
 Metaspace       used 119704K, capacity 123164K, committed 123216K, reserved 1157120K
  class space    used 15281K, capacity 16603K, committed 16640K, reserved 1048576K
}
Event: 48.211 GC heap after
{Heap after GC invocations=39 (full 0):
 garbage-first heap   total 417792K, used 177152K [0x0000000080000000, 0x0000000100000000)
  region size 1024K, 4 young (4096K), 4 survivors (4096K)
 Metaspace       used 119704K, capacity 123164K, committed 123216K, reserved 1157120K
  class space    used 15281K, capacity 16603K, committed 16640K, reserved 1048576K
}
Event: 61.806 GC heap before
{Heap before GC invocations=40 (full 0):
 garbage-first heap   total 417792K, used 330752K [0x0000000080000000, 0x0000000100000000)
  region size 1024K, 108 young (110592K), 4 survivors (4096K)
 Metaspace       used 121471K, capacity 125021K, committed 125264K, reserved 1157120K
  class space    used 15438K, capacity 16801K, committed 16896K, reserved 1048576K
}
Event: 61.839 GC heap after
{Heap after GC invocations=41 (full 0):
 garbage-first heap   total 417792K, used 143022K [0x0000000080000000, 0x0000000100000000)
  region size 1024K, 13 young (13312K), 13 survivors (13312K)
 Metaspace       used 121471K, capacity 125021K, committed 125264K, reserved 1157120K
  class space    used 15438K, capacity 16801K, committed 16896K, reserved 1048576K
}
Event: 82.872 GC heap before
{Heap before GC invocations=41 (full 0):
 garbage-first heap   total 417792K, used 149166K [0x0000000080000000, 0x0000000100000000)
  region size 1024K, 20 young (20480K), 13 survivors (13312K)
 Metaspace       used 121584K, capacity 125174K, committed 125520K, reserved 1159168K
  class space    used 15443K, capacity 16805K, committed 16896K, reserved 1048576K
}
Event: 82.886 GC heap after
{Heap after GC invocations=42 (full 0):
 garbage-first heap   total 417792K, used 130536K [0x0000000080000000, 0x0000000100000000)
  region size 1024K, 1 young (1024K), 1 survivors (1024K)
 Metaspace       used 121584K, capacity 125174K, committed 125520K, reserved 1159168K
  class space    used 15443K, capacity 16805K, committed 16896K, reserved 1048576K
}
Event: 148.755 GC heap before
{Heap before GC invocations=42 (full 0):
 garbage-first heap   total 417792K, used 261608K [0x0000000080000000, 0x0000000100000000)
  region size 1024K, 130 young (133120K), 1 survivors (1024K)
 Metaspace       used 122298K, capacity 125938K, committed 126032K, reserved 1159168K
  class space    used 15482K, capacity 16878K, committed 16896K, reserved 1048576K
}
Event: 148.773 GC heap after
{Heap after GC invocations=43 (full 0):
 garbage-first heap   total 417792K, used 133743K [0x0000000080000000, 0x0000000100000000)
  region size 1024K, 5 young (5120K), 5 survivors (5120K)
 Metaspace       used 122298K, capacity 125938K, committed 126032K, reserved 1159168K
  class space    used 15482K, capacity 16878K, committed 16896K, reserved 1048576K
}
Event: 153.371 GC heap before
{Heap before GC invocations=43 (full 0):
 garbage-first heap   total 417792K, used 250479K [0x0000000080000000, 0x0000000100000000)
  region size 1024K, 121 young (123904K), 5 survivors (5120K)
 Metaspace       used 122725K, capacity 126441K, committed 126672K, reserved 1159168K
  class space    used 15521K, capacity 16948K, committed 17024K, reserved 1048576K
}
Event: 153.393 GC heap after
{Heap after GC invocations=44 (full 0):
 garbage-first heap   total 417792K, used 143008K [0x0000000080000000, 0x0000000100000000)
  region size 1024K, 14 young (14336K), 14 survivors (14336K)
 Metaspace       used 122725K, capacity 126441K, committed 126672K, reserved 1159168K
  class space    used 15521K, capacity 16948K, committed 17024K, reserved 1048576K
}
Event: 493.845 GC heap before
{Heap before GC invocations=45 (full 0):
 garbage-first heap   total 417792K, used 415392K [0x0000000080000000, 0x0000000100000000)
  region size 1024K, 148 young (151552K), 14 survivors (14336K)
 Metaspace       used 123182K, capacity 126886K, committed 127184K, reserved 1159168K
  class space    used 15492K, capacity 16886K, committed 17024K, reserved 1048576K
}
Event: 493.855 GC heap after
{Heap after GC invocations=46 (full 0):
 garbage-first heap   total 421888K, used 132977K [0x0000000080000000, 0x0000000100000000)
  region size 1024K, 4 young (4096K), 4 survivors (4096K)
 Metaspace       used 123182K, capacity 126886K, committed 127184K, reserved 1159168K
  class space    used 15492K, capacity 16886K, committed 17024K, reserved 1048576K
}
Event: 494.233 GC heap before
{Heap before GC invocations=46 (full 0):
 garbage-first heap   total 421888K, used 148337K [0x0000000080000000, 0x0000000100000000)
  region size 1024K, 20 young (20480K), 4 survivors (4096K)
 Metaspace       used 123236K, capacity 126955K, committed 127184K, reserved 1159168K
  class space    used 15498K, capacity 16898K, committed 17024K, reserved 1048576K
}
Event: 494.244 GC heap after
{Heap after GC invocations=47 (full 0):
 garbage-first heap   total 421888K, used 119827K [0x0000000080000000, 0x0000000100000000)
  region size 1024K, 2 young (2048K), 2 survivors (2048K)
 Metaspace       used 123236K, capacity 126955K, committed 127184K, reserved 1159168K
  class space    used 15498K, capacity 16898K, committed 17024K, reserved 1048576K
}
Event: 504.018 GC heap before
{Heap before GC invocations=47 (full 0):
 garbage-first heap   total 421888K, used 252947K [0x0000000080000000, 0x0000000100000000)
  region size 1024K, 134 young (137216K), 2 survivors (2048K)
 Metaspace       used 123640K, capacity 127321K, committed 127696K, reserved 1161216K
  class space    used 15508K, capacity 16915K, committed 17024K, reserved 1048576K
}
Event: 504.074 GC heap after
{Heap after GC invocations=48 (full 0):
 garbage-first heap   total 421888K, used 130087K [0x0000000080000000, 0x0000000100000000)
  region size 1024K, 12 young (12288K), 12 survivors (12288K)
 Metaspace       used 123640K, capacity 127321K, committed 127696K, reserved 1161216K
  class space    used 15508K, capacity 16915K, committed 17024K, reserved 1048576K
}

