# JRE version: OpenJDK Runtime Environment (11.0.13) (build 11.0.13+0-b1751.21-8125866)
# Java VM: OpenJDK 64-Bit Server VM (11.0.13+0-b1751.21-8125866, mixed mode, tiered, compressed oops, g1 gc, windows-amd64)
Heap:
 garbage-first heap   total 278528K, used 205775K [0x0000000080000000, 0x0000000100000000)
  region size 1024K, 8 young (8192K), 5 survivors (5120K)
 Metaspace       used 153147K, capacity 159469K, committed 159612K, reserved 1187840K
  class space    used 19111K, capacity 21318K, committed 21400K, reserved 1048576K
GC Heap History (20 events):
Event: 10216.872 GC heap before
{Heap before GC invocations=164 (full 0):
 garbage-first heap   total 278528K, used 187917K [0x0000000080000000, 0x0000000100000000)
  region size 1024K, 13 young (13312K), 4 survivors (4096K)
 Metaspace       used 145123K, capacity 151133K, committed 151420K, reserved 1181696K
  class space    used 18137K, capacity 20271K, committed 20376K, reserved 1048576K
}
Event: 10216.883 GC heap after
{Heap after GC invocations=165 (full 0):
 garbage-first heap   total 278528K, used 181048K [0x0000000080000000, 0x0000000100000000)
  region size 1024K, 2 young (2048K), 2 survivors (2048K)
 Metaspace       used 145123K, capacity 151133K, committed 151420K, reserved 1181696K
  class space    used 18137K, capacity 20271K, committed 20376K, reserved 1048576K
}
Event: 10220.082 GC heap before
{Heap before GC invocations=165 (full 0):
 garbage-first heap   total 278528K, used 226104K [0x0000000080000000, 0x0000000100000000)
  region size 1024K, 47 young (48128K), 2 survivors (2048K)
 Metaspace       used 149329K, capacity 155359K, committed 155516K, reserved 1183744K
  class space    used 18658K, capacity 20823K, committed 20888K, reserved 1048576K
}
Event: 10220.098 GC heap after
{Heap after GC invocations=166 (full 0):
 garbage-first heap   total 278528K, used 184377K [0x0000000080000000, 0x0000000100000000)
  region size 1024K, 6 young (6144K), 6 survivors (6144K)
 Metaspace       used 149329K, capacity 155359K, committed 155516K, reserved 1183744K
  class space    used 18658K, capacity 20823K, committed 20888K, reserved 1048576K
}
Event: 10222.561 GC heap before
{Heap before GC invocations=167 (full 0):
 garbage-first heap   total 278528K, used 228409K [0x0000000080000000, 0x0000000100000000)
  region size 1024K, 50 young (51200K), 6 survivors (6144K)
 Metaspace       used 149650K, capacity 155699K, committed 155772K, reserved 1183744K
  class space    used 18673K, capacity 20830K, committed 20888K, reserved 1048576K
}
Event: 10222.585 GC heap after
{Heap after GC invocations=168 (full 0):
 garbage-first heap   total 278528K, used 187082K [0x0000000080000000, 0x0000000100000000)
  region size 1024K, 7 young (7168K), 7 survivors (7168K)
 Metaspace       used 149650K, capacity 155699K, committed 155772K, reserved 1183744K
  class space    used 18673K, capacity 20830K, committed 20888K, reserved 1048576K
}
Event: 10222.776 GC heap before
{Heap before GC invocations=168 (full 0):
 garbage-first heap   total 278528K, used 192202K [0x0000000080000000, 0x0000000100000000)
  region size 1024K, 13 young (13312K), 7 survivors (7168K)
 Metaspace       used 149877K, capacity 155865K, committed 156028K, reserved 1185792K
  class space    used 18704K, capacity 20863K, committed 20888K, reserved 1048576K
}
Event: 10222.807 GC heap after
{Heap after GC invocations=169 (full 0):
 garbage-first heap   total 278528K, used 187459K [0x0000000080000000, 0x0000000100000000)
  region size 1024K, 1 young (1024K), 1 survivors (1024K)
 Metaspace       used 149877K, capacity 155865K, committed 156028K, reserved 1185792K
  class space    used 18704K, capacity 20863K, committed 20888K, reserved 1048576K
}
Event: 10223.579 GC heap before
{Heap before GC invocations=169 (full 0):
 garbage-first heap   total 278528K, used 232515K [0x0000000080000000, 0x0000000100000000)
  region size 1024K, 45 young (46080K), 1 survivors (1024K)
 Metaspace       used 150468K, capacity 156522K, committed 156668K, reserved 1185792K
  class space    used 18771K, capacity 20928K, committed 21016K, reserved 1048576K
}
Event: 10223.592 GC heap after
{Heap after GC invocations=170 (full 0):
 garbage-first heap   total 278528K, used 190078K [0x0000000080000000, 0x0000000100000000)
  region size 1024K, 4 young (4096K), 4 survivors (4096K)
 Metaspace       used 150468K, capacity 156522K, committed 156668K, reserved 1185792K
  class space    used 18771K, capacity 20928K, committed 21016K, reserved 1048576K
}
Event: 10226.508 GC heap before
{Heap before GC invocations=171 (full 0):
 garbage-first heap   total 278528K, used 233086K [0x0000000080000000, 0x0000000100000000)
  region size 1024K, 47 young (48128K), 4 survivors (4096K)
 Metaspace       used 151122K, capacity 157201K, committed 157436K, reserved 1185792K
  class space    used 18843K, capacity 21002K, committed 21016K, reserved 1048576K
}
Event: 10226.522 GC heap after
{Heap after GC invocations=172 (full 0):
 garbage-first heap   total 278528K, used 191709K [0x0000000080000000, 0x0000000100000000)
  region size 1024K, 2 young (2048K), 2 survivors (2048K)
 Metaspace       used 151122K, capacity 157201K, committed 157436K, reserved 1185792K
  class space    used 18843K, capacity 21002K, committed 21016K, reserved 1048576K
}
Event: 10228.141 GC heap before
{Heap before GC invocations=172 (full 0):
 garbage-first heap   total 278528K, used 201949K [0x0000000080000000, 0x0000000100000000)
  region size 1024K, 13 young (13312K), 2 survivors (2048K)
 Metaspace       used 151191K, capacity 157265K, committed 157436K, reserved 1185792K
  class space    used 18843K, capacity 21002K, committed 21016K, reserved 1048576K
}
Event: 10228.149 GC heap after
{Heap after GC invocations=173 (full 0):
 garbage-first heap   total 278528K, used 191259K [0x0000000080000000, 0x0000000100000000)
  region size 1024K, 1 young (1024K), 1 survivors (1024K)
 Metaspace       used 151191K, capacity 157265K, committed 157436K, reserved 1185792K
  class space    used 18843K, capacity 21002K, committed 21016K, reserved 1048576K
}
Event: 10229.110 GC heap before
{Heap before GC invocations=173 (full 0):
 garbage-first heap   total 278528K, used 235291K [0x0000000080000000, 0x0000000100000000)
  region size 1024K, 44 young (45056K), 1 survivors (1024K)
 Metaspace       used 152339K, capacity 158520K, committed 158716K, reserved 1187840K
  class space    used 19015K, capacity 21192K, committed 21272K, reserved 1048576K
}
Event: 10229.116 GC heap after
{Heap after GC invocations=174 (full 0):
 garbage-first heap   total 278528K, used 192655K [0x0000000080000000, 0x0000000100000000)
  region size 1024K, 2 young (2048K), 2 survivors (2048K)
 Metaspace       used 152339K, capacity 158520K, committed 158716K, reserved 1187840K
  class space    used 19015K, capacity 21192K, committed 21272K, reserved 1048576K
}
Event: 10282.443 GC heap before
{Heap before GC invocations=175 (full 0):
 garbage-first heap   total 278528K, used 236687K [0x0000000080000000, 0x0000000100000000)
  region size 1024K, 46 young (47104K), 2 survivors (2048K)
 Metaspace       used 152972K, capacity 159308K, committed 159612K, reserved 1187840K
  class space    used 19098K, capacity 21286K, committed 21400K, reserved 1048576K
}
Event: 10282.464 GC heap after
{Heap after GC invocations=176 (full 0):
 garbage-first heap   total 278528K, used 197036K [0x0000000080000000, 0x0000000100000000)
  region size 1024K, 6 young (6144K), 6 survivors (6144K)
 Metaspace       used 152972K, capacity 159308K, committed 159612K, reserved 1187840K
  class space    used 19098K, capacity 21286K, committed 21400K, reserved 1048576K
}
Event: 10283.422 GC heap before
{Heap before GC invocations=176 (full 0):
 garbage-first heap   total 278528K, used 231852K [0x0000000080000000, 0x0000000100000000)
  region size 1024K, 42 young (43008K), 6 survivors (6144K)
 Metaspace       used 153106K, capacity 159469K, committed 159612K, reserved 1187840K
  class space    used 19111K, capacity 21318K, committed 21400K, reserved 1048576K
}
Event: 10283.442 GC heap after
{Heap after GC invocations=177 (full 0):
 garbage-first heap   total 278528K, used 201679K [0x0000000080000000, 0x0000000100000000)
  region size 1024K, 5 young (5120K), 5 survivors (5120K)
 Metaspace       used 153106K, capacity 159469K, committed 159612K, reserved 1187840K
  class space    used 19111K, capacity 21318K, committed 21400K, reserved 1048576K
}

