# JRE version: OpenJDK Runtime Environment (11.0.13) (build 11.0.13+0-b1751.21-8125866)
# Java VM: OpenJDK 64-Bit Server VM (11.0.13+0-b1751.21-8125866, mixed mode, tiered, compressed oops, g1 gc, windows-amd64)
Heap:
 garbage-first heap   total 280576K, used 171084K [0x0000000080000000, 0x0000000100000000)
  region size 1024K, 11 young (11264K), 8 survivors (8192K)
 Metaspace       used 118753K, capacity 121845K, committed 122076K, reserved 1155072K
  class space    used 15123K, capacity 16200K, committed 16280K, reserved 1048576K
GC Heap History (20 events):
Event: 14.814 GC heap before
{Heap before GC invocations=28 (full 0):
 garbage-first heap   total 280576K, used 215005K [0x0000000080000000, 0x0000000100000000)
  region size 1024K, 69 young (70656K), 6 survivors (6144K)
 Metaspace       used 98076K, capacity 100437K, committed 100700K, reserved 1136640K
  class space    used 12619K, capacity 13463K, committed 13592K, reserved 1048576K
}
Event: 14.829 GC heap after
{Heap after GC invocations=29 (full 0):
 garbage-first heap   total 280576K, used 154463K [0x0000000080000000, 0x0000000100000000)
  region size 1024K, 5 young (5120K), 5 survivors (5120K)
 Metaspace       used 98076K, capacity 100437K, committed 100700K, reserved 1136640K
  class space    used 12619K, capacity 13463K, committed 13592K, reserved 1048576K
}
Event: 15.150 GC heap before
{Heap before GC invocations=29 (full 0):
 garbage-first heap   total 280576K, used 217951K [0x0000000080000000, 0x0000000100000000)
  region size 1024K, 68 young (69632K), 5 survivors (5120K)
 Metaspace       used 98078K, capacity 100437K, committed 100700K, reserved 1136640K
  class space    used 12619K, capacity 13463K, committed 13592K, reserved 1048576K
}
Event: 15.161 GC heap after
{Heap after GC invocations=30 (full 0):
 garbage-first heap   total 280576K, used 155095K [0x0000000080000000, 0x0000000100000000)
  region size 1024K, 4 young (4096K), 4 survivors (4096K)
 Metaspace       used 98078K, capacity 100437K, committed 100700K, reserved 1136640K
  class space    used 12619K, capacity 13463K, committed 13592K, reserved 1048576K
}
Event: 15.581 GC heap before
{Heap before GC invocations=31 (full 0):
 garbage-first heap   total 280576K, used 222679K [0x0000000080000000, 0x0000000100000000)
  region size 1024K, 70 young (71680K), 4 survivors (4096K)
 Metaspace       used 98086K, capacity 100439K, committed 100700K, reserved 1136640K
  class space    used 12620K, capacity 13463K, committed 13592K, reserved 1048576K
}
Event: 15.586 GC heap after
{Heap after GC invocations=32 (full 0):
 garbage-first heap   total 280576K, used 154917K [0x0000000080000000, 0x0000000100000000)
  region size 1024K, 4 young (4096K), 4 survivors (4096K)
 Metaspace       used 98086K, capacity 100439K, committed 100700K, reserved 1136640K
  class space    used 12620K, capacity 13463K, committed 13592K, reserved 1048576K
}
Event: 16.039 GC heap before
{Heap before GC invocations=32 (full 0):
 garbage-first heap   total 280576K, used 225573K [0x0000000080000000, 0x0000000100000000)
  region size 1024K, 73 young (74752K), 4 survivors (4096K)
 Metaspace       used 100314K, capacity 102658K, committed 102748K, reserved 1138688K
  class space    used 12942K, capacity 13798K, committed 13848K, reserved 1048576K
}
Event: 16.042 GC heap after
{Heap after GC invocations=33 (full 0):
 garbage-first heap   total 280576K, used 150235K [0x0000000080000000, 0x0000000100000000)
  region size 1024K, 1 young (1024K), 1 survivors (1024K)
 Metaspace       used 100314K, capacity 102658K, committed 102748K, reserved 1138688K
  class space    used 12942K, capacity 13798K, committed 13848K, reserved 1048576K
}
Event: 18.088 GC heap before
{Heap before GC invocations=34 (full 0):
 garbage-first heap   total 280576K, used 238299K [0x0000000080000000, 0x0000000100000000)
  region size 1024K, 75 young (76800K), 1 survivors (1024K)
 Metaspace       used 105824K, capacity 108427K, committed 108636K, reserved 1142784K
  class space    used 13556K, capacity 14541K, committed 14616K, reserved 1048576K
}
Event: 18.104 GC heap after
{Heap after GC invocations=35 (full 0):
 garbage-first heap   total 280576K, used 160943K [0x0000000080000000, 0x0000000100000000)
  region size 1024K, 6 young (6144K), 6 survivors (6144K)
 Metaspace       used 105824K, capacity 108427K, committed 108636K, reserved 1142784K
  class space    used 13556K, capacity 14541K, committed 14616K, reserved 1048576K
}
Event: 20.443 GC heap before
{Heap before GC invocations=35 (full 0):
 garbage-first heap   total 280576K, used 230575K [0x0000000080000000, 0x0000000100000000)
  region size 1024K, 75 young (76800K), 6 survivors (6144K)
 Metaspace       used 106607K, capacity 109302K, committed 109404K, reserved 1144832K
  class space    used 13599K, capacity 14580K, committed 14616K, reserved 1048576K
}
Event: 20.464 GC heap after
{Heap after GC invocations=36 (full 0):
 garbage-first heap   total 280576K, used 163986K [0x0000000080000000, 0x0000000100000000)
  region size 1024K, 8 young (8192K), 8 survivors (8192K)
 Metaspace       used 106607K, capacity 109302K, committed 109404K, reserved 1144832K
  class space    used 13599K, capacity 14580K, committed 14616K, reserved 1048576K
}
Event: 21.860 GC heap before
{Heap before GC invocations=37 (full 0):
 garbage-first heap   total 280576K, used 227474K [0x0000000080000000, 0x0000000100000000)
  region size 1024K, 76 young (77824K), 8 survivors (8192K)
 Metaspace       used 108430K, capacity 111177K, committed 111452K, reserved 1146880K
  class space    used 13777K, capacity 14764K, committed 14872K, reserved 1048576K
}
Event: 21.880 GC heap after
{Heap after GC invocations=38 (full 0):
 garbage-first heap   total 280576K, used 163124K [0x0000000080000000, 0x0000000100000000)
  region size 1024K, 9 young (9216K), 9 survivors (9216K)
 Metaspace       used 108430K, capacity 111177K, committed 111452K, reserved 1146880K
  class space    used 13777K, capacity 14764K, committed 14872K, reserved 1048576K
}
Event: 22.637 GC heap before
{Heap before GC invocations=38 (full 0):
 garbage-first heap   total 280576K, used 232756K [0x0000000080000000, 0x0000000100000000)
  region size 1024K, 78 young (79872K), 9 survivors (9216K)
 Metaspace       used 112369K, capacity 115084K, committed 115292K, reserved 1148928K
  class space    used 14282K, capacity 15277K, committed 15384K, reserved 1048576K
}
Event: 22.654 GC heap after
{Heap after GC invocations=39 (full 0):
 garbage-first heap   total 280576K, used 162431K [0x0000000080000000, 0x0000000100000000)
  region size 1024K, 5 young (5120K), 5 survivors (5120K)
 Metaspace       used 112369K, capacity 115084K, committed 115292K, reserved 1148928K
  class space    used 14282K, capacity 15277K, committed 15384K, reserved 1048576K
}
Event: 23.593 GC heap before
{Heap before GC invocations=40 (full 0):
 garbage-first heap   total 280576K, used 234111K [0x0000000080000000, 0x0000000100000000)
  region size 1024K, 76 young (77824K), 5 survivors (5120K)
 Metaspace       used 115453K, capacity 118187K, committed 118492K, reserved 1153024K
  class space    used 14638K, capacity 15668K, committed 15768K, reserved 1048576K
}
Event: 23.607 GC heap after
{Heap after GC invocations=41 (full 0):
 garbage-first heap   total 280576K, used 166013K [0x0000000080000000, 0x0000000100000000)
  region size 1024K, 9 young (9216K), 9 survivors (9216K)
 Metaspace       used 115453K, capacity 118187K, committed 118492K, reserved 1153024K
  class space    used 14638K, capacity 15668K, committed 15768K, reserved 1048576K
}
Event: 774.639 GC heap before
{Heap before GC invocations=41 (full 0):
 garbage-first heap   total 280576K, used 235645K [0x0000000080000000, 0x0000000100000000)
  region size 1024K, 78 young (79872K), 9 survivors (9216K)
 Metaspace       used 118452K, capacity 121493K, committed 121820K, reserved 1155072K
  class space    used 15075K, capacity 16168K, committed 16280K, reserved 1048576K
}
Event: 774.657 GC heap after
{Heap after GC invocations=42 (full 0):
 garbage-first heap   total 280576K, used 169036K [0x0000000080000000, 0x0000000100000000)
  region size 1024K, 8 young (8192K), 8 survivors (8192K)
 Metaspace       used 118452K, capacity 121493K, committed 121820K, reserved 1155072K
  class space    used 15075K, capacity 16168K, committed 16280K, reserved 1048576K
}

