# JRE version: OpenJDK Runtime Environment (11.0.13) (build 11.0.13+0-b1751.21-8125866)
# Java VM: OpenJDK 64-Bit Server VM (11.0.13+0-b1751.21-8125866, mixed mode, tiered, compressed oops, g1 gc, windows-amd64)
Heap:
 garbage-first heap   total 279552K, used 223065K [0x0000000080000000, 0x0000000100000000)
  region size 1024K, 50 young (51200K), 4 survivors (4096K)
 Metaspace       used 115128K, capacity 118451K, committed 118620K, reserved 1153024K
  class space    used 14419K, capacity 15584K, committed 15640K, reserved 1048576K
GC Heap History (20 events):
Event: 20.601 GC heap before
{Heap before GC invocations=38 (full 0):
 garbage-first heap   total 232448K, used 196804K [0x0000000080000000, 0x0000000100000000)
  region size 1024K, 51 young (52224K), 7 survivors (7168K)
 Metaspace       used 97761K, capacity 100221K, committed 100572K, reserved 1136640K
  class space    used 12491K, capacity 13345K, committed 13464K, reserved 1048576K
}
Event: 20.620 GC heap after
{Heap after GC invocations=39 (full 0):
 garbage-first heap   total 232448K, used 156938K [0x0000000080000000, 0x0000000100000000)
  region size 1024K, 4 young (4096K), 4 survivors (4096K)
 Metaspace       used 97761K, capacity 100221K, committed 100572K, reserved 1136640K
  class space    used 12491K, capacity 13345K, committed 13464K, reserved 1048576K
}
Event: 21.455 GC heap before
{Heap before GC invocations=40 (full 0):
 garbage-first heap   total 232448K, used 198922K [0x0000000080000000, 0x0000000100000000)
  region size 1024K, 45 young (46080K), 4 survivors (4096K)
 Metaspace       used 98487K, capacity 100927K, committed 101212K, reserved 1136640K
  class space    used 12554K, capacity 13442K, committed 13592K, reserved 1048576K
}
Event: 21.470 GC heap after
{Heap after GC invocations=41 (full 0):
 garbage-first heap   total 279552K, used 159120K [0x0000000080000000, 0x0000000100000000)
  region size 1024K, 3 young (3072K), 3 survivors (3072K)
 Metaspace       used 98487K, capacity 100927K, committed 101212K, reserved 1136640K
  class space    used 12554K, capacity 13442K, committed 13592K, reserved 1048576K
}
Event: 22.246 GC heap before
{Heap before GC invocations=41 (full 0):
 garbage-first heap   total 279552K, used 217488K [0x0000000080000000, 0x0000000100000000)
  region size 1024K, 61 young (62464K), 3 survivors (3072K)
 Metaspace       used 101347K, capacity 103795K, committed 104156K, reserved 1140736K
  class space    used 12940K, capacity 13862K, committed 13976K, reserved 1048576K
}
Event: 22.259 GC heap after
{Heap after GC invocations=42 (full 0):
 garbage-first heap   total 279552K, used 160619K [0x0000000080000000, 0x0000000100000000)
  region size 1024K, 5 young (5120K), 5 survivors (5120K)
 Metaspace       used 101347K, capacity 103795K, committed 104156K, reserved 1140736K
  class space    used 12940K, capacity 13862K, committed 13976K, reserved 1048576K
}
Event: 23.592 GC heap before
{Heap before GC invocations=43 (full 0):
 garbage-first heap   total 279552K, used 222059K [0x0000000080000000, 0x0000000100000000)
  region size 1024K, 65 young (66560K), 5 survivors (5120K)
 Metaspace       used 104728K, capacity 107240K, committed 107356K, reserved 1142784K
  class space    used 13306K, capacity 14255K, committed 14360K, reserved 1048576K
}
Event: 23.605 GC heap after
{Heap after GC invocations=44 (full 0):
 garbage-first heap   total 279552K, used 164421K [0x0000000080000000, 0x0000000100000000)
  region size 1024K, 8 young (8192K), 8 survivors (8192K)
 Metaspace       used 104728K, capacity 107240K, committed 107356K, reserved 1142784K
  class space    used 13306K, capacity 14255K, committed 14360K, reserved 1048576K
}
Event: 122.078 GC heap before
{Heap before GC invocations=44 (full 0):
 garbage-first heap   total 279552K, used 225861K [0x0000000080000000, 0x0000000100000000)
  region size 1024K, 68 young (69632K), 8 survivors (8192K)
 Metaspace       used 106829K, capacity 109757K, committed 110044K, reserved 1144832K
  class space    used 13581K, capacity 14632K, committed 14744K, reserved 1048576K
}
Event: 122.109 GC heap after
{Heap after GC invocations=45 (full 0):
 garbage-first heap   total 279552K, used 169211K [0x0000000080000000, 0x0000000100000000)
  region size 1024K, 9 young (9216K), 9 survivors (9216K)
 Metaspace       used 106829K, capacity 109757K, committed 110044K, reserved 1144832K
  class space    used 13581K, capacity 14632K, committed 14744K, reserved 1048576K
}
Event: 124.698 GC heap before
{Heap before GC invocations=46 (full 0):
 garbage-first heap   total 279552K, used 228603K [0x0000000080000000, 0x0000000100000000)
  region size 1024K, 67 young (68608K), 9 survivors (9216K)
 Metaspace       used 108546K, capacity 111523K, committed 111708K, reserved 1146880K
  class space    used 13776K, capacity 14815K, committed 14872K, reserved 1048576K
}
Event: 124.721 GC heap after
{Heap after GC invocations=47 (full 0):
 garbage-first heap   total 279552K, used 171982K [0x0000000080000000, 0x0000000100000000)
  region size 1024K, 4 young (4096K), 4 survivors (4096K)
 Metaspace       used 108546K, capacity 111523K, committed 111708K, reserved 1146880K
  class space    used 13776K, capacity 14815K, committed 14872K, reserved 1048576K
}
Event: 125.252 GC heap before
{Heap before GC invocations=47 (full 0):
 garbage-first heap   total 279552K, used 180174K [0x0000000080000000, 0x0000000100000000)
  region size 1024K, 13 young (13312K), 4 survivors (4096K)
 Metaspace       used 109150K, capacity 112099K, committed 112348K, reserved 1146880K
  class space    used 13839K, capacity 14879K, committed 15000K, reserved 1048576K
}
Event: 125.260 GC heap after
{Heap after GC invocations=48 (full 0):
 garbage-first heap   total 279552K, used 172415K [0x0000000080000000, 0x0000000100000000)
  region size 1024K, 4 young (4096K), 4 survivors (4096K)
 Metaspace       used 109150K, capacity 112099K, committed 112348K, reserved 1146880K
  class space    used 13839K, capacity 14879K, committed 15000K, reserved 1048576K
}
Event: 131.884 GC heap before
{Heap before GC invocations=49 (full 0):
 garbage-first heap   total 279552K, used 234879K [0x0000000080000000, 0x0000000100000000)
  region size 1024K, 64 young (65536K), 4 survivors (4096K)
 Metaspace       used 112444K, capacity 115453K, committed 115676K, reserved 1150976K
  class space    used 14115K, capacity 15182K, committed 15256K, reserved 1048576K
}
Event: 131.900 GC heap after
{Heap after GC invocations=50 (full 0):
 garbage-first heap   total 279552K, used 176696K [0x0000000080000000, 0x0000000100000000)
  region size 1024K, 8 young (8192K), 8 survivors (8192K)
 Metaspace       used 112444K, capacity 115453K, committed 115676K, reserved 1150976K
  class space    used 14115K, capacity 15182K, committed 15256K, reserved 1048576K
}
Event: 132.149 GC heap before
{Heap before GC invocations=50 (full 0):
 garbage-first heap   total 279552K, used 181816K [0x0000000080000000, 0x0000000100000000)
  region size 1024K, 13 young (13312K), 8 survivors (8192K)
 Metaspace       used 112447K, capacity 115454K, committed 115676K, reserved 1150976K
  class space    used 14115K, capacity 15182K, committed 15256K, reserved 1048576K
}
Event: 132.167 GC heap after
{Heap after GC invocations=51 (full 0):
 garbage-first heap   total 279552K, used 175143K [0x0000000080000000, 0x0000000100000000)
  region size 1024K, 1 young (1024K), 1 survivors (1024K)
 Metaspace       used 112447K, capacity 115454K, committed 115676K, reserved 1150976K
  class space    used 14115K, capacity 15182K, committed 15256K, reserved 1048576K
}
Event: 253.070 GC heap before
{Heap before GC invocations=51 (full 0):
 garbage-first heap   total 279552K, used 234535K [0x0000000080000000, 0x0000000100000000)
  region size 1024K, 59 young (60416K), 1 survivors (1024K)
 Metaspace       used 114157K, capacity 117471K, committed 117724K, reserved 1150976K
  class space    used 14322K, capacity 15453K, committed 15512K, reserved 1048576K
}
Event: 253.079 GC heap after
{Heap after GC invocations=52 (full 0):
 garbage-first heap   total 279552K, used 178009K [0x0000000080000000, 0x0000000100000000)
  region size 1024K, 4 young (4096K), 4 survivors (4096K)
 Metaspace       used 114157K, capacity 117471K, committed 117724K, reserved 1150976K
  class space    used 14322K, capacity 15453K, committed 15512K, reserved 1048576K
}

