# JRE version: OpenJDK Runtime Environment (11.0.13) (build 11.0.13+0-b1751.21-8125866)
# Java VM: OpenJDK 64-Bit Server VM (11.0.13+0-b1751.21-8125866, mixed mode, tiered, compressed oops, g1 gc, windows-amd64)
Heap:
 garbage-first heap   total 312320K, used 241900K [0x0000000080000000, 0x0000000100000000)
  region size 1024K, 56 young (57344K), 8 survivors (8192K)
 Metaspace       used 119665K, capacity 122818K, committed 123036K, reserved 1157120K
  class space    used 14954K, capacity 16068K, committed 16152K, reserved 1048576K
GC Heap History (20 events):
Event: 752.100 GC heap before
{Heap before GC invocations=44 (full 0):
 garbage-first heap   total 254976K, used 218947K [0x0000000080000000, 0x0000000100000000)
  region size 1024K, 49 young (50176K), 7 survivors (7168K)
 Metaspace       used 109051K, capacity 112026K, committed 112412K, reserved 1146880K
  class space    used 13814K, capacity 14866K, committed 15000K, reserved 1048576K
}
Event: 752.128 GC heap after
{Heap after GC invocations=45 (full 0):
 garbage-first heap   total 254976K, used 181207K [0x0000000080000000, 0x0000000100000000)
  region size 1024K, 4 young (4096K), 4 survivors (4096K)
 Metaspace       used 109051K, capacity 112026K, committed 112412K, reserved 1146880K
  class space    used 13814K, capacity 14866K, committed 15000K, reserved 1048576K
}
Event: 752.424 GC heap before
{Heap before GC invocations=45 (full 0):
 garbage-first heap   total 254976K, used 190423K [0x0000000080000000, 0x0000000100000000)
  region size 1024K, 12 young (12288K), 4 survivors (4096K)
 Metaspace       used 109898K, capacity 112890K, committed 113180K, reserved 1146880K
  class space    used 13855K, capacity 14898K, committed 15000K, reserved 1048576K
}
Event: 752.446 GC heap after
{Heap after GC invocations=46 (full 0):
 garbage-first heap   total 254976K, used 182272K [0x0000000080000000, 0x0000000100000000)
  region size 1024K, 2 young (2048K), 2 survivors (2048K)
 Metaspace       used 109898K, capacity 112890K, committed 113180K, reserved 1146880K
  class space    used 13855K, capacity 14898K, committed 15000K, reserved 1048576K
}
Event: 752.990 GC heap before
{Heap before GC invocations=46 (full 0):
 garbage-first heap   total 254976K, used 218112K [0x0000000080000000, 0x0000000100000000)
  region size 1024K, 37 young (37888K), 2 survivors (2048K)
 Metaspace       used 112466K, capacity 115443K, committed 115612K, reserved 1148928K
  class space    used 14182K, capacity 15241K, committed 15384K, reserved 1048576K
}
Event: 753.010 GC heap after
{Heap after GC invocations=47 (full 0):
 garbage-first heap   total 254976K, used 190464K [0x0000000080000000, 0x0000000100000000)
  region size 1024K, 5 young (5120K), 5 survivors (5120K)
 Metaspace       used 112466K, capacity 115443K, committed 115612K, reserved 1148928K
  class space    used 14182K, capacity 15241K, committed 15384K, reserved 1048576K
}
Event: 753.682 GC heap before
{Heap before GC invocations=48 (full 0):
 garbage-first heap   total 312320K, used 288768K [0x0000000080000000, 0x0000000100000000)
  region size 1024K, 29 young (29696K), 5 survivors (5120K)
 Metaspace       used 114733K, capacity 117642K, committed 117788K, reserved 1150976K
  class space    used 14392K, capacity 15477K, committed 15512K, reserved 1048576K
}
Event: 753.697 GC heap after
{Heap after GC invocations=49 (full 0):
 garbage-first heap   total 312320K, used 251410K [0x0000000080000000, 0x0000000100000000)
  region size 1024K, 4 young (4096K), 4 survivors (4096K)
 Metaspace       used 114733K, capacity 117642K, committed 117788K, reserved 1150976K
  class space    used 14392K, capacity 15477K, committed 15512K, reserved 1048576K
}
Event: 754.046 GC heap before
{Heap before GC invocations=49 (full 0):
 garbage-first heap   total 312320K, used 261650K [0x0000000080000000, 0x0000000100000000)
  region size 1024K, 15 young (15360K), 4 survivors (4096K)
 Metaspace       used 115624K, capacity 118599K, committed 118684K, reserved 1153024K
  class space    used 14512K, capacity 15597K, committed 15640K, reserved 1048576K
}
Event: 754.054 GC heap after
{Heap after GC invocations=50 (full 0):
 garbage-first heap   total 312320K, used 223591K [0x0000000080000000, 0x0000000100000000)
  region size 1024K, 2 young (2048K), 2 survivors (2048K)
 Metaspace       used 115624K, capacity 118599K, committed 118684K, reserved 1153024K
  class space    used 14512K, capacity 15597K, committed 15640K, reserved 1048576K
}
Event: 754.500 GC heap before
{Heap before GC invocations=50 (full 0):
 garbage-first heap   total 312320K, used 256359K [0x0000000080000000, 0x0000000100000000)
  region size 1024K, 35 young (35840K), 2 survivors (2048K)
 Metaspace       used 115768K, capacity 118770K, committed 119068K, reserved 1153024K
  class space    used 14525K, capacity 15631K, committed 15768K, reserved 1048576K
}
Event: 754.507 GC heap after
{Heap after GC invocations=51 (full 0):
 garbage-first heap   total 312320K, used 196406K [0x0000000080000000, 0x0000000100000000)
  region size 1024K, 3 young (3072K), 3 survivors (3072K)
 Metaspace       used 115768K, capacity 118770K, committed 119068K, reserved 1153024K
  class space    used 14525K, capacity 15631K, committed 15768K, reserved 1048576K
}
Event: 755.094 GC heap before
{Heap before GC invocations=52 (full 0):
 garbage-first heap   total 312320K, used 234294K [0x0000000080000000, 0x0000000100000000)
  region size 1024K, 49 young (50176K), 3 survivors (3072K)
 Metaspace       used 117033K, capacity 120033K, committed 120092K, reserved 1153024K
  class space    used 14667K, capacity 15744K, committed 15768K, reserved 1048576K
}
Event: 755.107 GC heap after
{Heap after GC invocations=53 (full 0):
 garbage-first heap   total 312320K, used 192861K [0x0000000080000000, 0x0000000100000000)
  region size 1024K, 7 young (7168K), 7 survivors (7168K)
 Metaspace       used 117033K, capacity 120033K, committed 120092K, reserved 1153024K
  class space    used 14667K, capacity 15744K, committed 15768K, reserved 1048576K
}
Event: 755.156 GC heap before
{Heap before GC invocations=53 (full 0):
 garbage-first heap   total 312320K, used 200029K [0x0000000080000000, 0x0000000100000000)
  region size 1024K, 15 young (15360K), 7 survivors (7168K)
 Metaspace       used 117033K, capacity 120033K, committed 120092K, reserved 1153024K
  class space    used 14667K, capacity 15744K, committed 15768K, reserved 1048576K
}
Event: 755.167 GC heap after
{Heap after GC invocations=54 (full 0):
 garbage-first heap   total 312320K, used 185528K [0x0000000080000000, 0x0000000100000000)
  region size 1024K, 1 young (1024K), 1 survivors (1024K)
 Metaspace       used 117033K, capacity 120033K, committed 120092K, reserved 1153024K
  class space    used 14667K, capacity 15744K, committed 15768K, reserved 1048576K
}
Event: 755.893 GC heap before
{Heap before GC invocations=54 (full 0):
 garbage-first heap   total 312320K, used 237752K [0x0000000080000000, 0x0000000100000000)
  region size 1024K, 53 young (54272K), 1 survivors (1024K)
 Metaspace       used 117344K, capacity 120430K, committed 120732K, reserved 1155072K
  class space    used 14685K, capacity 15783K, committed 15896K, reserved 1048576K
}
Event: 755.911 GC heap after
{Heap after GC invocations=55 (full 0):
 garbage-first heap   total 312320K, used 189081K [0x0000000080000000, 0x0000000100000000)
  region size 1024K, 5 young (5120K), 5 survivors (5120K)
 Metaspace       used 117344K, capacity 120430K, committed 120732K, reserved 1155072K
  class space    used 14685K, capacity 15783K, committed 15896K, reserved 1048576K
}
Event: 760.709 GC heap before
{Heap before GC invocations=56 (full 0):
 garbage-first heap   total 312320K, used 242329K [0x0000000080000000, 0x0000000100000000)
  region size 1024K, 58 young (59392K), 5 survivors (5120K)
 Metaspace       used 117887K, capacity 120956K, committed 121244K, reserved 1155072K
  class space    used 14739K, capacity 15831K, committed 15896K, reserved 1048576K
}
Event: 760.725 GC heap after
{Heap after GC invocations=57 (full 0):
 garbage-first heap   total 312320K, used 194796K [0x0000000080000000, 0x0000000100000000)
  region size 1024K, 8 young (8192K), 8 survivors (8192K)
 Metaspace       used 117887K, capacity 120956K, committed 121244K, reserved 1155072K
  class space    used 14739K, capacity 15831K, committed 15896K, reserved 1048576K
}

