# JRE version: OpenJDK Runtime Environment (11.0.13) (build 11.0.13+0-b1751.21-8125866)
# Java VM: OpenJDK 64-Bit Server VM (11.0.13+0-b1751.21-8125866, mixed mode, tiered, compressed oops, g1 gc, windows-amd64)
Heap:
 garbage-first heap   total 273408K, used 113146K [0x0000000080000000, 0x0000000100000000)
  region size 1024K, 17 young (17408K), 14 survivors (14336K)
 Metaspace       used 113129K, capacity 116394K, committed 116500K, reserved 1150976K
  class space    used 14824K, capacity 16072K, committed 16076K, reserved 1048576K
GC Heap History (20 events):
Event: 9.657 GC heap before
{Heap before GC invocations=15 (full 0):
 garbage-first heap   total 189440K, used 127758K [0x0000000080000000, 0x0000000100000000)
  region size 1024K, 75 young (76800K), 7 survivors (7168K)
 Metaspace       used 67862K, capacity 69456K, committed 69668K, reserved 1110016K
  class space    used 8545K, capacity 9136K, committed 9164K, reserved 1048576K
}
Event: 9.671 GC heap after
{Heap after GC invocations=16 (full 0):
 garbage-first heap   total 189440K, used 62276K [0x0000000080000000, 0x0000000100000000)
  region size 1024K, 5 young (5120K), 5 survivors (5120K)
 Metaspace       used 67862K, capacity 69456K, committed 69668K, reserved 1110016K
  class space    used 8545K, capacity 9136K, committed 9164K, reserved 1048576K
}
Event: 10.556 GC heap before
{Heap before GC invocations=16 (full 0):
 garbage-first heap   total 189440K, used 132932K [0x0000000080000000, 0x0000000100000000)
  region size 1024K, 74 young (75776K), 5 survivors (5120K)
 Metaspace       used 73594K, capacity 75183K, committed 75556K, reserved 1114112K
  class space    used 9450K, capacity 10061K, committed 10188K, reserved 1048576K
}
Event: 10.570 GC heap after
{Heap after GC invocations=17 (full 0):
 garbage-first heap   total 227328K, used 66738K [0x0000000080000000, 0x0000000100000000)
  region size 1024K, 9 young (9216K), 9 survivors (9216K)
 Metaspace       used 73594K, capacity 75183K, committed 75556K, reserved 1114112K
  class space    used 9450K, capacity 10061K, committed 10188K, reserved 1048576K
}
Event: 11.700 GC heap before
{Heap before GC invocations=17 (full 0):
 garbage-first heap   total 227328K, used 159922K [0x0000000080000000, 0x0000000100000000)
  region size 1024K, 100 young (102400K), 9 survivors (9216K)
 Metaspace       used 79872K, capacity 81670K, committed 81828K, reserved 1120256K
  class space    used 10333K, capacity 11005K, committed 11084K, reserved 1048576K
}
Event: 11.720 GC heap after
{Heap after GC invocations=18 (full 0):
 garbage-first heap   total 227328K, used 73562K [0x0000000080000000, 0x0000000100000000)
  region size 1024K, 12 young (12288K), 12 survivors (12288K)
 Metaspace       used 79872K, capacity 81670K, committed 81828K, reserved 1120256K
  class space    used 10333K, capacity 11005K, committed 11084K, reserved 1048576K
}
Event: 13.370 GC heap before
{Heap before GC invocations=18 (full 0):
 garbage-first heap   total 227328K, used 164698K [0x0000000080000000, 0x0000000100000000)
  region size 1024K, 102 young (104448K), 12 survivors (12288K)
 Metaspace       used 86529K, capacity 88692K, committed 88996K, reserved 1126400K
  class space    used 11233K, capacity 12025K, committed 12108K, reserved 1048576K
}
Event: 13.393 GC heap after
{Heap after GC invocations=19 (full 0):
 garbage-first heap   total 227328K, used 80144K [0x0000000080000000, 0x0000000100000000)
  region size 1024K, 13 young (13312K), 13 survivors (13312K)
 Metaspace       used 86529K, capacity 88692K, committed 88996K, reserved 1126400K
  class space    used 11233K, capacity 12025K, committed 12108K, reserved 1048576K
}
Event: 14.616 GC heap before
{Heap before GC invocations=19 (full 0):
 garbage-first heap   total 227328K, used 169232K [0x0000000080000000, 0x0000000100000000)
  region size 1024K, 101 young (103424K), 13 survivors (13312K)
 Metaspace       used 87337K, capacity 89512K, committed 89764K, reserved 1126400K
  class space    used 11282K, capacity 12085K, committed 12108K, reserved 1048576K
}
Event: 14.642 GC heap after
{Heap after GC invocations=20 (full 0):
 garbage-first heap   total 227328K, used 86655K [0x0000000080000000, 0x0000000100000000)
  region size 1024K, 13 young (13312K), 13 survivors (13312K)
 Metaspace       used 87337K, capacity 89512K, committed 89764K, reserved 1126400K
  class space    used 11282K, capacity 12085K, committed 12108K, reserved 1048576K
}
Event: 15.432 GC heap before
{Heap before GC invocations=20 (full 0):
 garbage-first heap   total 227328K, used 174719K [0x0000000080000000, 0x0000000100000000)
  region size 1024K, 100 young (102400K), 13 survivors (13312K)
 Metaspace       used 88997K, capacity 91140K, committed 91300K, reserved 1128448K
  class space    used 11513K, capacity 12327K, committed 12364K, reserved 1048576K
}
Event: 15.466 GC heap after
{Heap after GC invocations=21 (full 0):
 garbage-first heap   total 227328K, used 91923K [0x0000000080000000, 0x0000000100000000)
  region size 1024K, 12 young (12288K), 12 survivors (12288K)
 Metaspace       used 88997K, capacity 91140K, committed 91300K, reserved 1128448K
  class space    used 11513K, capacity 12327K, committed 12364K, reserved 1048576K
}
Event: 16.644 GC heap before
{Heap before GC invocations=21 (full 0):
 garbage-first heap   total 227328K, used 177939K [0x0000000080000000, 0x0000000100000000)
  region size 1024K, 96 young (98304K), 12 survivors (12288K)
 Metaspace       used 94665K, capacity 96931K, committed 97188K, reserved 1134592K
  class space    used 12205K, capacity 13060K, committed 13132K, reserved 1048576K
}
Event: 16.673 GC heap after
{Heap after GC invocations=22 (full 0):
 garbage-first heap   total 273408K, used 97072K [0x0000000080000000, 0x0000000100000000)
  region size 1024K, 11 young (11264K), 11 survivors (11264K)
 Metaspace       used 94665K, capacity 96931K, committed 97188K, reserved 1134592K
  class space    used 12205K, capacity 13060K, committed 13132K, reserved 1048576K
}
Event: 19.478 GC heap before
{Heap before GC invocations=22 (full 0):
 garbage-first heap   total 273408K, used 206640K [0x0000000080000000, 0x0000000100000000)
  region size 1024K, 119 young (121856K), 11 survivors (11264K)
 Metaspace       used 97598K, capacity 100055K, committed 100260K, reserved 1136640K
  class space    used 12566K, capacity 13518K, committed 13644K, reserved 1048576K
}
Event: 19.500 GC heap after
{Heap after GC invocations=23 (full 0):
 garbage-first heap   total 273408K, used 102750K [0x0000000080000000, 0x0000000100000000)
  region size 1024K, 11 young (11264K), 11 survivors (11264K)
 Metaspace       used 97598K, capacity 100055K, committed 100260K, reserved 1136640K
  class space    used 12566K, capacity 13518K, committed 13644K, reserved 1048576K
}
Event: 19.630 GC heap before
{Heap before GC invocations=23 (full 0):
 garbage-first heap   total 273408K, used 109918K [0x0000000080000000, 0x0000000100000000)
  region size 1024K, 20 young (20480K), 11 survivors (11264K)
 Metaspace       used 98718K, capacity 101235K, committed 101396K, reserved 1136640K
  class space    used 12728K, capacity 13712K, committed 13772K, reserved 1048576K
}
Event: 19.644 GC heap after
{Heap after GC invocations=24 (full 0):
 garbage-first heap   total 273408K, used 103890K [0x0000000080000000, 0x0000000100000000)
  region size 1024K, 7 young (7168K), 7 survivors (7168K)
 Metaspace       used 98718K, capacity 101235K, committed 101396K, reserved 1136640K
  class space    used 12728K, capacity 13712K, committed 13772K, reserved 1048576K
}
Event: 167.161 GC heap before
{Heap before GC invocations=25 (full 0):
 garbage-first heap   total 273408K, used 230866K [0x0000000080000000, 0x0000000100000000)
  region size 1024K, 121 young (123904K), 7 survivors (7168K)
 Metaspace       used 113102K, capacity 116390K, committed 116500K, reserved 1150976K
  class space    used 14824K, capacity 16071K, committed 16076K, reserved 1048576K
}
Event: 167.200 GC heap after
{Heap after GC invocations=26 (full 0):
 garbage-first heap   total 273408K, used 111098K [0x0000000080000000, 0x0000000100000000)
  region size 1024K, 14 young (14336K), 14 survivors (14336K)
 Metaspace       used 113102K, capacity 116390K, committed 116500K, reserved 1150976K
  class space    used 14824K, capacity 16071K, committed 16076K, reserved 1048576K
}

