# JRE version: OpenJDK Runtime Environment (11.0.13) (build 11.0.13+0-b1751.21-8125866)
# Java VM: OpenJDK 64-Bit Server VM (11.0.13+0-b1751.21-8125866, mixed mode, tiered, compressed oops, g1 gc, windows-amd64)
Heap:
 garbage-first heap   total 276480K, used 188944K [0x0000000080000000, 0x0000000100000000)
  region size 1024K, 27 young (27648K), 9 survivors (9216K)
 Metaspace       used 121579K, capacity 124636K, committed 124880K, reserved 1157120K
  class space    used 15270K, capacity 16326K, committed 16460K, reserved 1048576K
GC Heap History (20 events):
Event: 16.032 GC heap before
{Heap before GC invocations=23 (full 0):
 garbage-first heap   total 276480K, used 230436K [0x0000000080000000, 0x0000000100000000)
  region size 1024K, 102 young (104448K), 9 survivors (9216K)
 Metaspace       used 87649K, capacity 90049K, committed 90192K, reserved 1128448K
  class space    used 11300K, capacity 12120K, committed 12236K, reserved 1048576K
}
Event: 16.051 GC heap after
{Heap after GC invocations=24 (full 0):
 garbage-first heap   total 276480K, used 143981K [0x0000000080000000, 0x0000000100000000)
  region size 1024K, 11 young (11264K), 11 survivors (11264K)
 Metaspace       used 87649K, capacity 90049K, committed 90192K, reserved 1128448K
  class space    used 11300K, capacity 12120K, committed 12236K, reserved 1048576K
}
Event: 16.541 GC heap before
{Heap before GC invocations=24 (full 0):
 garbage-first heap   total 276480K, used 205421K [0x0000000080000000, 0x0000000100000000)
  region size 1024K, 72 young (73728K), 11 survivors (11264K)
 Metaspace       used 90140K, capacity 92428K, committed 92752K, reserved 1130496K
  class space    used 11614K, capacity 12419K, committed 12492K, reserved 1048576K
}
Event: 16.557 GC heap after
{Heap after GC invocations=25 (full 0):
 garbage-first heap   total 276480K, used 146143K [0x0000000080000000, 0x0000000100000000)
  region size 1024K, 3 young (3072K), 3 survivors (3072K)
 Metaspace       used 90140K, capacity 92428K, committed 92752K, reserved 1130496K
  class space    used 11614K, capacity 12419K, committed 12492K, reserved 1048576K
}
Event: 17.890 GC heap before
{Heap before GC invocations=26 (full 0):
 garbage-first heap   total 276480K, used 229087K [0x0000000080000000, 0x0000000100000000)
  region size 1024K, 83 young (84992K), 3 survivors (3072K)
 Metaspace       used 99725K, capacity 102266K, committed 102608K, reserved 1138688K
  class space    used 12853K, capacity 13801K, committed 13900K, reserved 1048576K
}
Event: 17.902 GC heap after
{Heap after GC invocations=27 (full 0):
 garbage-first heap   total 276480K, used 149104K [0x0000000080000000, 0x0000000100000000)
  region size 1024K, 6 young (6144K), 6 survivors (6144K)
 Metaspace       used 99725K, capacity 102266K, committed 102608K, reserved 1138688K
  class space    used 12853K, capacity 13801K, committed 13900K, reserved 1048576K
}
Event: 21.193 GC heap before
{Heap before GC invocations=27 (full 0):
 garbage-first heap   total 276480K, used 228976K [0x0000000080000000, 0x0000000100000000)
  region size 1024K, 85 young (87040K), 6 survivors (6144K)
 Metaspace       used 108716K, capacity 111327K, committed 111568K, reserved 1146880K
  class space    used 13875K, capacity 14833K, committed 14924K, reserved 1048576K
}
Event: 21.214 GC heap after
{Heap after GC invocations=28 (full 0):
 garbage-first heap   total 276480K, used 154562K [0x0000000080000000, 0x0000000100000000)
  region size 1024K, 11 young (11264K), 11 survivors (11264K)
 Metaspace       used 108716K, capacity 111327K, committed 111568K, reserved 1146880K
  class space    used 13875K, capacity 14833K, committed 14924K, reserved 1048576K
}
Event: 24.372 GC heap before
{Heap before GC invocations=29 (full 0):
 garbage-first heap   total 276480K, used 231362K [0x0000000080000000, 0x0000000100000000)
  region size 1024K, 87 young (89088K), 11 survivors (11264K)
 Metaspace       used 110217K, capacity 112998K, committed 113360K, reserved 1146880K
  class space    used 13993K, capacity 15052K, committed 15180K, reserved 1048576K
}
Event: 24.393 GC heap after
{Heap after GC invocations=30 (full 0):
 garbage-first heap   total 276480K, used 157474K [0x0000000080000000, 0x0000000100000000)
  region size 1024K, 9 young (9216K), 9 survivors (9216K)
 Metaspace       used 110217K, capacity 112998K, committed 113360K, reserved 1146880K
  class space    used 13993K, capacity 15052K, committed 15180K, reserved 1048576K
}
Event: 26.699 GC heap before
{Heap before GC invocations=30 (full 0):
 garbage-first heap   total 276480K, used 232226K [0x0000000080000000, 0x0000000100000000)
  region size 1024K, 83 young (84992K), 9 survivors (9216K)
 Metaspace       used 111336K, capacity 114112K, committed 114384K, reserved 1148928K
  class space    used 14065K, capacity 15098K, committed 15180K, reserved 1048576K
}
Event: 26.720 GC heap after
{Heap after GC invocations=31 (full 0):
 garbage-first heap   total 276480K, used 161377K [0x0000000080000000, 0x0000000100000000)
  region size 1024K, 7 young (7168K), 7 survivors (7168K)
 Metaspace       used 111336K, capacity 114112K, committed 114384K, reserved 1148928K
  class space    used 14065K, capacity 15098K, committed 15180K, reserved 1048576K
}
Event: 27.949 GC heap before
{Heap before GC invocations=32 (full 0):
 garbage-first heap   total 276480K, used 234081K [0x0000000080000000, 0x0000000100000000)
  region size 1024K, 79 young (80896K), 7 survivors (7168K)
 Metaspace       used 114158K, capacity 116867K, committed 117072K, reserved 1150976K
  class space    used 14408K, capacity 15437K, committed 15564K, reserved 1048576K
}
Event: 27.962 GC heap after
{Heap after GC invocations=33 (full 0):
 garbage-first heap   total 276480K, used 163047K [0x0000000080000000, 0x0000000100000000)
  region size 1024K, 6 young (6144K), 6 survivors (6144K)
 Metaspace       used 114158K, capacity 116867K, committed 117072K, reserved 1150976K
  class space    used 14408K, capacity 15437K, committed 15564K, reserved 1048576K
}
Event: 28.703 GC heap before
{Heap before GC invocations=33 (full 0):
 garbage-first heap   total 276480K, used 235751K [0x0000000080000000, 0x0000000100000000)
  region size 1024K, 78 young (79872K), 6 survivors (6144K)
 Metaspace       used 118551K, capacity 121292K, committed 121424K, reserved 1155072K
  class space    used 14931K, capacity 15969K, committed 16076K, reserved 1048576K
}
Event: 28.718 GC heap after
{Heap after GC invocations=34 (full 0):
 garbage-first heap   total 276480K, used 166818K [0x0000000080000000, 0x0000000100000000)
  region size 1024K, 6 young (6144K), 6 survivors (6144K)
 Metaspace       used 118551K, capacity 121292K, committed 121424K, reserved 1155072K
  class space    used 14931K, capacity 15969K, committed 16076K, reserved 1048576K
}
Event: 1813.296 GC heap before
{Heap before GC invocations=35 (full 0):
 garbage-first heap   total 276480K, used 237474K [0x0000000080000000, 0x0000000100000000)
  region size 1024K, 75 young (76800K), 6 survivors (6144K)
 Metaspace       used 119843K, capacity 122815K, committed 123088K, reserved 1157120K
  class space    used 15036K, capacity 16087K, committed 16204K, reserved 1048576K
}
Event: 1813.307 GC heap after
{Heap after GC invocations=36 (full 0):
 garbage-first heap   total 276480K, used 168522K [0x0000000080000000, 0x0000000100000000)
  region size 1024K, 6 young (6144K), 6 survivors (6144K)
 Metaspace       used 119843K, capacity 122815K, committed 123088K, reserved 1157120K
  class space    used 15036K, capacity 16087K, committed 16204K, reserved 1048576K
}
Event: 2082.042 GC heap before
{Heap before GC invocations=36 (full 0):
 garbage-first heap   total 276480K, used 202314K [0x0000000080000000, 0x0000000100000000)
  region size 1024K, 41 young (41984K), 6 survivors (6144K)
 Metaspace       used 120246K, capacity 123346K, committed 123600K, reserved 1157120K
  class space    used 15094K, capacity 16154K, committed 16204K, reserved 1048576K
}
Event: 2082.059 GC heap after
{Heap after GC invocations=37 (full 0):
 garbage-first heap   total 276480K, used 171536K [0x0000000080000000, 0x0000000100000000)
  region size 1024K, 9 young (9216K), 9 survivors (9216K)
 Metaspace       used 120246K, capacity 123346K, committed 123600K, reserved 1157120K
  class space    used 15094K, capacity 16154K, committed 16204K, reserved 1048576K
}

